Determining if the pthread_create exist failed with the following output:
Change Dir: /home/wasiel13/wasiel_13/SYNERGIA_PROJECTS/master_thesis/ROS_MotionPlanning_ObstacleDetection/build/CMakeFiles/CMakeTmp

Run Build Command:/usr/bin/make "cmTryCompileExec3865357752/fast"
/usr/bin/make -f CMakeFiles/cmTryCompileExec3865357752.dir/build.make CMakeFiles/cmTryCompileExec3865357752.dir/build
make[1]: Entering directory `/home/wasiel13/wasiel_13/SYNERGIA_PROJECTS/master_thesis/ROS_MotionPlanning_ObstacleDetection/build/CMakeFiles/CMakeTmp'
/usr/bin/cmake -E cmake_progress_report /home/wasiel13/wasiel_13/SYNERGIA_PROJECTS/master_thesis/ROS_MotionPlanning_ObstacleDetection/build/CMakeFiles/CMakeTmp/CMakeFiles 1
Building C object CMakeFiles/cmTryCompileExec3865357752.dir/CheckSymbolExists.c.o
/usr/bin/cc    -o CMakeFiles/cmTryCompileExec3865357752.dir/CheckSymbolExists.c.o   -c /home/wasiel13/wasiel_13/SYNERGIA_PROJECTS/master_thesis/ROS_MotionPlanning_ObstacleDetection/build/CMakeFiles/CMakeTmp/CheckSymbolExists.c
Linking C executable cmTryCompileExec3865357752
/usr/bin/cmake -E cmake_link_script CMakeFiles/cmTryCompileExec3865357752.dir/link.txt --verbose=1
/usr/bin/cc       CMakeFiles/cmTryCompileExec3865357752.dir/CheckSymbolExists.c.o  -o cmTryCompileExec3865357752 -rdynamic 
CMakeFiles/cmTryCompileExec3865357752.dir/CheckSymbolExists.c.o: In function `main':
CheckSymbolExists.c:(.text+0x16): undefined reference to `pthread_create'
collect2: error: ld returned 1 exit status
make[1]: Leaving directory `/home/wasiel13/wasiel_13/SYNERGIA_PROJECTS/master_thesis/ROS_MotionPlanning_ObstacleDetection/build/CMakeFiles/CMakeTmp'
make[1]: *** [cmTryCompileExec3865357752] Error 1
make: *** [cmTryCompileExec3865357752/fast] Error 2

File /home/wasiel13/wasiel_13/SYNERGIA_PROJECTS/master_thesis/ROS_MotionPlanning_ObstacleDetection/build/CMakeFiles/CMakeTmp/CheckSymbolExists.c:
/* */
#include <pthread.h>

int main(int argc, char** argv)
{
  (void)argv;
#ifndef pthread_create
  return ((int*)(&pthread_create))[argc];
#else
  (void)argc;
  return 0;
#endif
}

Determining if the function pthread_create exists in the pthreads failed with the following output:
Change Dir: /home/wasiel13/wasiel_13/SYNERGIA_PROJECTS/master_thesis/ROS_MotionPlanning_ObstacleDetection/build/CMakeFiles/CMakeTmp

Run Build Command:/usr/bin/make "cmTryCompileExec3866664314/fast"
/usr/bin/make -f CMakeFiles/cmTryCompileExec3866664314.dir/build.make CMakeFiles/cmTryCompileExec3866664314.dir/build
make[1]: Entering directory `/home/wasiel13/wasiel_13/SYNERGIA_PROJECTS/master_thesis/ROS_MotionPlanning_ObstacleDetection/build/CMakeFiles/CMakeTmp'
/usr/bin/cmake -E cmake_progress_report /home/wasiel13/wasiel_13/SYNERGIA_PROJECTS/master_thesis/ROS_MotionPlanning_ObstacleDetection/build/CMakeFiles/CMakeTmp/CMakeFiles 1
Building C object CMakeFiles/cmTryCompileExec3866664314.dir/CheckFunctionExists.c.o
/usr/bin/cc   -DCHECK_FUNCTION_EXISTS=pthread_create   -o CMakeFiles/cmTryCompileExec3866664314.dir/CheckFunctionExists.c.o   -c /usr/share/cmake-2.8/Modules/CheckFunctionExists.c
Linking C executable cmTryCompileExec3866664314
/usr/bin/cmake -E cmake_link_script CMakeFiles/cmTryCompileExec3866664314.dir/link.txt --verbose=1
/usr/bin/cc   -DCHECK_FUNCTION_EXISTS=pthread_create    CMakeFiles/cmTryCompileExec3866664314.dir/CheckFunctionExists.c.o  -o cmTryCompileExec3866664314 -rdynamic -lpthreads 
/usr/bin/ld: cannot find -lpthreads
collect2: error: ld returned 1 exit status
make[1]: Leaving directory `/home/wasiel13/wasiel_13/SYNERGIA_PROJECTS/master_thesis/ROS_MotionPlanning_ObstacleDetection/build/CMakeFiles/CMakeTmp'
make[1]: *** [cmTryCompileExec3866664314] Error 1
make: *** [cmTryCompileExec3866664314/fast] Error 2


Determining if the include file FL/Fl.H exists failed with the following output:
Change Dir: /home/wasiel13/wasiel_13/SYNERGIA_PROJECTS/master_thesis/ROS_MotionPlanning_ObstacleDetection/build/CMakeFiles/CMakeTmp

Run Build Command:/usr/bin/make "cmTryCompileExec1700142939/fast"
/usr/bin/make -f CMakeFiles/cmTryCompileExec1700142939.dir/build.make CMakeFiles/cmTryCompileExec1700142939.dir/build
make[1]: Entering directory `/home/wasiel13/wasiel_13/SYNERGIA_PROJECTS/master_thesis/ROS_MotionPlanning_ObstacleDetection/build/CMakeFiles/CMakeTmp'
/usr/bin/cmake -E cmake_progress_report /home/wasiel13/wasiel_13/SYNERGIA_PROJECTS/master_thesis/ROS_MotionPlanning_ObstacleDetection/build/CMakeFiles/CMakeTmp/CMakeFiles 1
Building CXX object CMakeFiles/cmTryCompileExec1700142939.dir/CheckIncludeFile.cxx.o
/usr/bin/c++    -Wno-deprecated    -o CMakeFiles/cmTryCompileExec1700142939.dir/CheckIncludeFile.cxx.o -c /home/wasiel13/wasiel_13/SYNERGIA_PROJECTS/master_thesis/ROS_MotionPlanning_ObstacleDetection/build/CMakeFiles/CMakeTmp/CheckIncludeFile.cxx
/home/wasiel13/wasiel_13/SYNERGIA_PROJECTS/master_thesis/ROS_MotionPlanning_ObstacleDetection/build/CMakeFiles/CMakeTmp/CheckIncludeFile.cxx:1:19: fatal error: FL/Fl.H: No such file or directory
 #include <FL/Fl.H>
                   ^
compilation terminated.
make[1]: Leaving directory `/home/wasiel13/wasiel_13/SYNERGIA_PROJECTS/master_thesis/ROS_MotionPlanning_ObstacleDetection/build/CMakeFiles/CMakeTmp'
make[1]: *** [CMakeFiles/cmTryCompileExec1700142939.dir/CheckIncludeFile.cxx.o] Error 1
make: *** [cmTryCompileExec1700142939/fast] Error 2


Determining if the include file pgm.h exists failed with the following output:
Change Dir: /home/wasiel13/wasiel_13/SYNERGIA_PROJECTS/master_thesis/ROS_MotionPlanning_ObstacleDetection/build/CMakeFiles/CMakeTmp

Run Build Command:/usr/bin/make "cmTryCompileExec1627919096/fast"
/usr/bin/make -f CMakeFiles/cmTryCompileExec1627919096.dir/build.make CMakeFiles/cmTryCompileExec1627919096.dir/build
make[1]: Entering directory `/home/wasiel13/wasiel_13/SYNERGIA_PROJECTS/master_thesis/ROS_MotionPlanning_ObstacleDetection/build/CMakeFiles/CMakeTmp'
/usr/bin/cmake -E cmake_progress_report /home/wasiel13/wasiel_13/SYNERGIA_PROJECTS/master_thesis/ROS_MotionPlanning_ObstacleDetection/build/CMakeFiles/CMakeTmp/CMakeFiles 1
Building CXX object CMakeFiles/cmTryCompileExec1627919096.dir/CheckIncludeFile.cxx.o
/usr/bin/c++    -Wno-deprecated    -o CMakeFiles/cmTryCompileExec1627919096.dir/CheckIncludeFile.cxx.o -c /home/wasiel13/wasiel_13/SYNERGIA_PROJECTS/master_thesis/ROS_MotionPlanning_ObstacleDetection/build/CMakeFiles/CMakeTmp/CheckIncludeFile.cxx
/home/wasiel13/wasiel_13/SYNERGIA_PROJECTS/master_thesis/ROS_MotionPlanning_ObstacleDetection/build/CMakeFiles/CMakeTmp/CheckIncludeFile.cxx:1:17: fatal error: pgm.h: No such file or directory
 #include <pgm.h>
                 ^
compilation terminated.
make[1]: *** [CMakeFiles/cmTryCompileExec1627919096.dir/CheckIncludeFile.cxx.o] Error 1
make[1]: Leaving directory `/home/wasiel13/wasiel_13/SYNERGIA_PROJECTS/master_thesis/ROS_MotionPlanning_ObstacleDetection/build/CMakeFiles/CMakeTmp'
make: *** [cmTryCompileExec1627919096/fast] Error 2


